[M::mm_idx_gen::0.001*2.15] collected minimizers
[M::mm_idx_gen::0.001*2.37] sorted minimizers
[M::main::0.001*2.36] loaded/built the index for 1 target sequence(s)
[M::mm_mapopt_update::0.001*2.29] mid_occ = 200
[M::mm_idx_stat] kmer size: 19; skip: 19; is_hpc: 0; #seq: 1
[M::mm_idx_stat::0.001*2.24] distinct minimizers: 1015 (98.42% are singletons); average occurrences: 1.038; average spacing: 10.080; total length: 10624
[M::worker_pipeline::0.023*1.90] mapped 18 sequences
[M::main] Version: 2.30-r1287
[M::main] CMD: /home/homero/miniconda3/envs/quast-env/bin/minimap2 -c -x asm10 -B5 -O4,16 --no-long-join -r 200 -N 50 -s 65 -z 200 --mask-level 0.9 --min-occ 200 -g 2500 --score-N 2 --cs -t 4 /home/homero/Documentos/Master/M2/Bioinfo_avance/TP_assembleur/Assembleur-/results/QUAST_result/quast_corrected_input/varankomodo_reference.fasta /home/homero/Documentos/Master/M2/Bioinfo_avance/TP_assembleur/Assembleur-/results/QUAST_result/quast_corrected_input/OLC_Result.fasta
[M::main] Real time: 0.024 sec; CPU: 0.045 sec; Peak RSS: 0.079 GB
[M::mm_idx_gen::0.001*2.44] collected minimizers
[M::mm_idx_gen::0.001*2.63] sorted minimizers
[M::main::0.001*2.62] loaded/built the index for 1 target sequence(s)
[M::mm_mapopt_update::0.001*2.54] mid_occ = 200
[M::mm_idx_stat] kmer size: 19; skip: 19; is_hpc: 0; #seq: 1
[M::mm_idx_stat::0.001*2.47] distinct minimizers: 1015 (98.42% are singletons); average occurrences: 1.038; average spacing: 10.080; total length: 10624
[M::worker_pipeline::0.003*2.69] mapped 27 sequences
[M::main] Version: 2.30-r1287
[M::main] CMD: /home/homero/miniconda3/envs/quast-env/bin/minimap2 -c -x asm10 -B5 -O4,16 --no-long-join -r 200 -N 50 -s 65 -z 200 --mask-level 0.9 --min-occ 200 -g 2500 --score-N 2 --cs -t 4 /home/homero/Documentos/Master/M2/Bioinfo_avance/TP_assembleur/Assembleur-/results/QUAST_result/quast_corrected_input/varankomodo_reference.fasta /home/homero/Documentos/Master/M2/Bioinfo_avance/TP_assembleur/Assembleur-/results/QUAST_result/quast_corrected_input/OLC_Result.fasta
[M::main] Real time: 0.003 sec; CPU: 0.008 sec; Peak RSS: 0.080 GB
[M::mm_idx_gen::0.002*1.88] collected minimizers
[M::mm_idx_gen::0.002*2.17] sorted minimizers
[M::main::0.002*2.16] loaded/built the index for 1 target sequence(s)
[M::mm_mapopt_update::0.002*2.10] mid_occ = 200
[M::mm_idx_stat] kmer size: 19; skip: 19; is_hpc: 0; #seq: 1
[M::mm_idx_stat::0.002*2.05] distinct minimizers: 1015 (98.42% are singletons); average occurrences: 1.038; average spacing: 10.080; total length: 10624
[M::worker_pipeline::0.004*2.41] mapped 26 sequences
[M::main] Version: 2.30-r1287
[M::main] CMD: /home/homero/miniconda3/envs/quast-env/bin/minimap2 -c -x asm10 -B5 -O4,16 --no-long-join -r 200 -N 50 -s 65 -z 200 --mask-level 0.9 --min-occ 200 -g 2500 --score-N 2 --cs -t 4 /home/homero/Documentos/Master/M2/Bioinfo_avance/TP_assembleur/Assembleur-/results/QUAST_result/quast_corrected_input/varankomodo_reference.fasta /home/homero/Documentos/Master/M2/Bioinfo_avance/TP_assembleur/Assembleur-/results/QUAST_result/quast_corrected_input/OLC_Result.fasta
[M::main] Real time: 0.004 sec; CPU: 0.009 sec; Peak RSS: 0.080 GB
[M::mm_idx_gen::0.002*1.62] collected minimizers
[M::mm_idx_gen::0.002*2.05] sorted minimizers
[M::main::0.002*2.04] loaded/built the index for 1 target sequence(s)
[M::mm_mapopt_update::0.002*2.00] mid_occ = 200
[M::mm_idx_stat] kmer size: 19; skip: 19; is_hpc: 0; #seq: 1
[M::mm_idx_stat::0.002*1.97] distinct minimizers: 1015 (98.42% are singletons); average occurrences: 1.038; average spacing: 10.080; total length: 10624
[M::worker_pipeline::0.004*2.35] mapped 30 sequences
[M::main] Version: 2.30-r1287
[M::main] CMD: /home/homero/miniconda3/envs/quast-env/bin/minimap2 -c -x asm10 -B5 -O4,16 --no-long-join -r 200 -N 50 -s 65 -z 200 --mask-level 0.9 --min-occ 200 -g 2500 --score-N 2 --cs -t 4 /home/homero/Documentos/Master/M2/Bioinfo_avance/TP_assembleur/Assembleur-/results/QUAST_result/quast_corrected_input/varankomodo_reference.fasta /home/homero/Documentos/Master/M2/Bioinfo_avance/TP_assembleur/Assembleur-/results/QUAST_result/quast_corrected_input/OLC_Result.fasta
[M::main] Real time: 0.005 sec; CPU: 0.010 sec; Peak RSS: 0.080 GB
[M::mm_idx_gen::0.002*2.11] collected minimizers
[M::mm_idx_gen::0.002*2.24] sorted minimizers
[M::main::0.002*2.22] loaded/built the index for 1 target sequence(s)
[M::mm_mapopt_update::0.003*2.15] mid_occ = 200
[M::mm_idx_stat] kmer size: 19; skip: 19; is_hpc: 0; #seq: 1
[M::mm_idx_stat::0.003*2.09] distinct minimizers: 1015 (98.42% are singletons); average occurrences: 1.038; average spacing: 10.080; total length: 10624
[M::worker_pipeline::0.005*2.49] mapped 31 sequences
[M::main] Version: 2.30-r1287
[M::main] CMD: /home/homero/miniconda3/envs/quast-env/bin/minimap2 -c -x asm10 -B5 -O4,16 --no-long-join -r 200 -N 50 -s 65 -z 200 --mask-level 0.9 --min-occ 200 -g 2500 --score-N 2 --cs -t 4 /home/homero/Documentos/Master/M2/Bioinfo_avance/TP_assembleur/Assembleur-/results/QUAST_result/quast_corrected_input/varankomodo_reference.fasta /home/homero/Documentos/Master/M2/Bioinfo_avance/TP_assembleur/Assembleur-/results/QUAST_result/quast_corrected_input/OLC_Result.fasta
[M::main] Real time: 0.005 sec; CPU: 0.012 sec; Peak RSS: 0.080 GB
[M::mm_idx_gen::0.002*2.16] collected minimizers
[M::mm_idx_gen::0.002*2.37] sorted minimizers
[M::main::0.002*2.35] loaded/built the index for 1 target sequence(s)
[M::mm_mapopt_update::0.002*2.30] mid_occ = 200
[M::mm_idx_stat] kmer size: 19; skip: 19; is_hpc: 0; #seq: 1
[M::mm_idx_stat::0.002*2.25] distinct minimizers: 1015 (98.42% are singletons); average occurrences: 1.038; average spacing: 10.080; total length: 10624
[M::worker_pipeline::0.004*2.68] mapped 32 sequences
[M::main] Version: 2.30-r1287
[M::main] CMD: /home/homero/miniconda3/envs/quast-env/bin/minimap2 -c -x asm10 -B5 -O4,16 --no-long-join -r 200 -N 50 -s 65 -z 200 --mask-level 0.9 --min-occ 200 -g 2500 --score-N 2 --cs -t 4 /home/homero/Documentos/Master/M2/Bioinfo_avance/TP_assembleur/Assembleur-/results/QUAST_result/quast_corrected_input/varankomodo_reference.fasta /home/homero/Documentos/Master/M2/Bioinfo_avance/TP_assembleur/Assembleur-/results/QUAST_result/quast_corrected_input/OLC_Result.fasta
[M::main] Real time: 0.005 sec; CPU: 0.011 sec; Peak RSS: 0.080 GB
[M::mm_idx_gen::0.002*2.23] collected minimizers
[M::mm_idx_gen::0.002*2.39] sorted minimizers
[M::main::0.002*2.39] loaded/built the index for 1 target sequence(s)
[M::mm_mapopt_update::0.002*2.33] mid_occ = 200
[M::mm_idx_stat] kmer size: 19; skip: 19; is_hpc: 0; #seq: 1
[M::mm_idx_stat::0.002*2.29] distinct minimizers: 1015 (98.42% are singletons); average occurrences: 1.038; average spacing: 10.080; total length: 10624
[M::worker_pipeline::0.004*2.62] mapped 33 sequences
[M::main] Version: 2.30-r1287
[M::main] CMD: /home/homero/miniconda3/envs/quast-env/bin/minimap2 -c -x asm10 -B5 -O4,16 --no-long-join -r 200 -N 50 -s 65 -z 200 --mask-level 0.9 --min-occ 200 -g 2500 --score-N 2 --cs -t 4 /home/homero/Documentos/Master/M2/Bioinfo_avance/TP_assembleur/Assembleur-/results/QUAST_result/quast_corrected_input/varankomodo_reference.fasta /home/homero/Documentos/Master/M2/Bioinfo_avance/TP_assembleur/Assembleur-/results/QUAST_result/quast_corrected_input/OLC_Result.fasta
[M::main] Real time: 0.004 sec; CPU: 0.011 sec; Peak RSS: 0.080 GB
[M::mm_idx_gen::0.001*2.47] collected minimizers
[M::mm_idx_gen::0.001*2.71] sorted minimizers
[M::main::0.001*2.68] loaded/built the index for 1 target sequence(s)
[M::mm_mapopt_update::0.001*2.58] mid_occ = 200
[M::mm_idx_stat] kmer size: 19; skip: 19; is_hpc: 0; #seq: 1
[M::mm_idx_stat::0.002*2.52] distinct minimizers: 1015 (98.42% are singletons); average occurrences: 1.038; average spacing: 10.080; total length: 10624
[M::worker_pipeline::0.003*2.88] mapped 30 sequences
[M::main] Version: 2.30-r1287
[M::main] CMD: /home/homero/miniconda3/envs/quast-env/bin/minimap2 -c -x asm10 -B5 -O4,16 --no-long-join -r 200 -N 50 -s 65 -z 200 --mask-level 0.9 --min-occ 200 -g 2500 --score-N 2 --cs -t 4 /home/homero/Documentos/Master/M2/Bioinfo_avance/TP_assembleur/Assembleur-/results/QUAST_result/quast_corrected_input/varankomodo_reference.fasta /home/homero/Documentos/Master/M2/Bioinfo_avance/TP_assembleur/Assembleur-/results/QUAST_result/quast_corrected_input/OLC_Result.fasta
[M::main] Real time: 0.004 sec; CPU: 0.010 sec; Peak RSS: 0.081 GB
