/home/homero/miniconda3/envs/quast-env/bin/quast.py results/OCL_result/OLC_Result.fasta data/QUAST_data/minia.contigs.fa -R data/QUAST_data/varankomodo_reference.fasta -o results/QUAST_result/ -t 8

Version: 5.3.0

System information:
  OS: Linux-6.14.0-35-generic-x86_64-with-glibc2.41 (linux_64)
  Python version: 3.13.9
  CPUs number: 16

Started: 2025-11-21 18:02:01

Logging to /home/homero/Documentos/Master/M2/Bioinfo_avance/TP_assembleur/Assembleur-/results/QUAST_result/quast.log
NOTICE: Output directory already exists and looks like a QUAST output dir. Existing results can be reused (e.g. previously generated alignments)!

CWD: /home/homero/Documentos/Master/M2/Bioinfo_avance/TP_assembleur/Assembleur-
Main parameters: 
  MODE: default, threads: 8, min contig length: 500, min alignment length: 65, min alignment IDY: 95.0, \
  ambiguity: one, min local misassembly length: 200, min extensive misassembly length: 1000

Reference:
  /home/homero/Documentos/Master/M2/Bioinfo_avance/TP_assembleur/Assembleur-/data/QUAST_data/varankomodo_reference.fasta ==> varankomodo_reference

Contigs:
  Pre-processing...
  1  results/OCL_result/OLC_Result.fasta ==> OLC_Result
  2  data/QUAST_data/minia.contigs.fa ==> minia.contigs

2025-11-21 18:02:02
Running Basic statistics processor...
  Reference genome:
    varankomodo_reference.fasta, length = 10624, num fragments = 1, GC % = 44.14
  Contig files: 
    1  OLC_Result
    2  minia.contigs
  Calculating N50 and L50...
    1  OLC_Result, N50 = 818, L50 = 11, auN = 985.2, Total length = 24835, GC % = 44.47, # N's per 100 kbp =  0.00
    2  minia.contigs, N50 = 9936, L50 = 1, auN = 9936.0, Total length = 9936, GC % = 44.05, # N's per 100 kbp =  0.00
  Drawing Nx plot...
    saved to /home/homero/Documentos/Master/M2/Bioinfo_avance/TP_assembleur/Assembleur-/results/QUAST_result/basic_stats/Nx_plot.pdf
  Drawing NGx plot...
    saved to /home/homero/Documentos/Master/M2/Bioinfo_avance/TP_assembleur/Assembleur-/results/QUAST_result/basic_stats/NGx_plot.pdf
  Drawing cumulative plot...
    saved to /home/homero/Documentos/Master/M2/Bioinfo_avance/TP_assembleur/Assembleur-/results/QUAST_result/basic_stats/cumulative_plot.pdf
  Drawing GC content plot...
    saved to /home/homero/Documentos/Master/M2/Bioinfo_avance/TP_assembleur/Assembleur-/results/QUAST_result/basic_stats/GC_content_plot.pdf
  Drawing OLC_Result GC content plot...
    saved to /home/homero/Documentos/Master/M2/Bioinfo_avance/TP_assembleur/Assembleur-/results/QUAST_result/basic_stats/OLC_Result_GC_content_plot.pdf
  Drawing minia.contigs GC content plot...
    saved to /home/homero/Documentos/Master/M2/Bioinfo_avance/TP_assembleur/Assembleur-/results/QUAST_result/basic_stats/minia.contigs_GC_content_plot.pdf
Done.

2025-11-21 18:02:02
Running Contig analyzer...
WARNING: Version of installed minimap2 differs from its version in the QUAST package (2.28). Please make sure that you use an actual version of software.
  2  minia.contigs
  1  OLC_Result
  2  Logging to files /home/homero/Documentos/Master/M2/Bioinfo_avance/TP_assembleur/Assembleur-/results/QUAST_result/contigs_reports/contigs_report_minia-contigs.stdout and contigs_report_minia-contigs.stderr...
  1  Logging to files /home/homero/Documentos/Master/M2/Bioinfo_avance/TP_assembleur/Assembleur-/results/QUAST_result/contigs_reports/contigs_report_OLC_Result.stdout and contigs_report_OLC_Result.stderr...
  2  Using existing alignments... 
  1  Aligning contigs to the reference
WARNING: Version of installed minimap2 differs from its version in the QUAST package (2.28). Please make sure that you use an actual version of software.
  2  Analysis is finished.

  1  /home/homero/miniconda3/envs/quast-env/bin/minimap2 -c -x asm10 -B5 -O4,16 --no-long-join \
     -r 200 -N 50 -s 65 -z 200 --mask-level 0.9 --min-occ 200 -g 2500 --score-N 2 \
     --cs -t 4 results/QUAST_result/quast_corrected_input/varankomodo_reference.fasta \
     results/QUAST_result/quast_corrected_input/OLC_Result.fasta > results/QUAST_result/contigs_reports/minimap_output/OLC_Result.coords_tmp \
     2>> results/QUAST_result/contigs_reports/contigs_report_OLC_Result.stderr
  1  Analysis is finished.

  Creating total report...
    saved to /home/homero/Documentos/Master/M2/Bioinfo_avance/TP_assembleur/Assembleur-/results/QUAST_result/contigs_reports/misassemblies_report.txt, misassemblies_report.tsv, and misassemblies_report.tex
  Transposed version of total report...
    saved to /home/homero/Documentos/Master/M2/Bioinfo_avance/TP_assembleur/Assembleur-/results/QUAST_result/contigs_reports/transposed_report_misassemblies.txt, transposed_report_misassemblies.tsv, and transposed_report_misassemblies.tex
  Creating total report...
    saved to /home/homero/Documentos/Master/M2/Bioinfo_avance/TP_assembleur/Assembleur-/results/QUAST_result/contigs_reports/unaligned_report.txt, unaligned_report.tsv, and unaligned_report.tex
  Drawing misassemblies by types plot...
    saved to /home/homero/Documentos/Master/M2/Bioinfo_avance/TP_assembleur/Assembleur-/results/QUAST_result/contigs_reports/misassemblies_plot.pdf
  Drawing misassemblies FRCurve plot...
    saved to /home/homero/Documentos/Master/M2/Bioinfo_avance/TP_assembleur/Assembleur-/results/QUAST_result/contigs_reports/misassemblies_frcurve_plot.pdf
Done.

2025-11-21 18:02:02
Running NA-NGA calculation...
  1  OLC_Result, Largest alignment = 2233, NA50 = 818, NGA50 = 1098, LA50 = 11, LGA50 = 4
  2  minia.contigs, Largest alignment = 9936, NA50 = 9936, NGA50 = 9936, LA50 = 1, LGA50 = 1
  Drawing cumulative plot...
    saved to /home/homero/Documentos/Master/M2/Bioinfo_avance/TP_assembleur/Assembleur-/results/QUAST_result/aligned_stats/cumulative_plot.pdf
  Drawing NAx plot...
    saved to /home/homero/Documentos/Master/M2/Bioinfo_avance/TP_assembleur/Assembleur-/results/QUAST_result/aligned_stats/NAx_plot.pdf
  Drawing NGAx plot...
    saved to /home/homero/Documentos/Master/M2/Bioinfo_avance/TP_assembleur/Assembleur-/results/QUAST_result/aligned_stats/NGAx_plot.pdf
Done.

2025-11-21 18:02:03
Running Genome analyzer...
  NOTICE: No file with genomic features were provided. Use the --features option if you want to specify it.

  NOTICE: No file with operons were provided. Use the -O option if you want to specify it.
  2  minia.contigs
  1  OLC_Result
  2  Analysis is finished.
  1  Analysis is finished.
  Drawing Genome fraction, % histogram...
    saved to /home/homero/Documentos/Master/M2/Bioinfo_avance/TP_assembleur/Assembleur-/results/QUAST_result/genome_stats/genome_fraction_histogram.pdf
Done.

NOTICE: Genes are not predicted by default. Use --gene-finding or --glimmer option to enable it.

2025-11-21 18:02:03
Creating large visual summaries...
This may take a while: press Ctrl-C to skip this step..
  1 of 2: Creating PDF with all tables and plots...
  2 of 2: Creating Icarus viewers...
Done

2025-11-21 18:02:03
RESULTS:
  Text versions of total report are saved to /home/homero/Documentos/Master/M2/Bioinfo_avance/TP_assembleur/Assembleur-/results/QUAST_result/report.txt, report.tsv, and report.tex
  Text versions of transposed total report are saved to /home/homero/Documentos/Master/M2/Bioinfo_avance/TP_assembleur/Assembleur-/results/QUAST_result/transposed_report.txt, transposed_report.tsv, and transposed_report.tex
  HTML version (interactive tables and plots) is saved to /home/homero/Documentos/Master/M2/Bioinfo_avance/TP_assembleur/Assembleur-/results/QUAST_result/report.html
  PDF version (tables and plots) is saved to /home/homero/Documentos/Master/M2/Bioinfo_avance/TP_assembleur/Assembleur-/results/QUAST_result/report.pdf
  Icarus (contig browser) is saved to /home/homero/Documentos/Master/M2/Bioinfo_avance/TP_assembleur/Assembleur-/results/QUAST_result/icarus.html
  Log is saved to /home/homero/Documentos/Master/M2/Bioinfo_avance/TP_assembleur/Assembleur-/results/QUAST_result/quast.log

Finished: 2025-11-21 18:02:03
Elapsed time: 0:00:02.446040
NOTICEs: 4; WARNINGs: 2; non-fatal ERRORs: 0

Thank you for using QUAST!
